SF:lib\src\authentication_repository.dart
DA:12,1
DA:16,1
DA:17,1
DA:18,1
DA:39,1
DA:40,4
DA:41,1
DA:42,5
DA:43,2
DA:50,1
DA:51,2
DA:57,1
DA:60,1
DA:61,1
DA:62,2
DA:65,1
DA:67,2
DA:68,1
DA:69,1
DA:70,1
DA:71,1
DA:75,2
DA:76,1
DA:77,0
DA:87,1
DA:89,2
DA:90,2
DA:91,2
DA:94,1
DA:101,1
DA:102,5
DA:107,1
DA:111,0
DA:112,0
DA:114,0
DA:118,0
DA:122,0
DA:126,0
DA:130,0
DA:134,0
DA:138,0
DA:142,0
LF:42
LH:31
end_of_record
SF:lib\src\models\user.dart
DA:4,3
DA:21,0
DA:23,0
DA:25,1
DA:26,5
LF:5
LH:3
end_of_record
